# JRE version: Java(TM) SE Runtime Environment (14.0.2+12) (build 14.0.2+12-46)
# Java VM: Java HotSpot(TM) 64-Bit Server VM (14.0.2+12-46, mixed mode, sharing, tiered, compressed oops, parallel gc, windows-amd64)
Heap:
 PSYoungGen      total 4096K, used 1390K [0x00000000eab00000, 0x00000000eb100000, 0x0000000100000000)
  eden space 2560K, 0% used [0x00000000eab00000,0x00000000eab00000,0x00000000ead80000)
  from space 1536K, 90% used [0x00000000ead80000,0x00000000eaedbb60,0x00000000eaf00000)
  to   space 1536K, 0% used [0x00000000eaf80000,0x00000000eaf80000,0x00000000eb100000)
 ParOldGen       total 276480K, used 276177K [0x00000000c0000000, 0x00000000d0e00000, 0x00000000eab00000)
  object space 276480K, 99% used [0x00000000c0000000,0x00000000d0db46e8,0x00000000d0e00000)
 Metaspace       used 80992K, capacity 84171K, committed 84520K, reserved 1124352K
  class space    used 7717K, capacity 9016K, committed 9088K, reserved 1048576K
GC Heap History (20 events):
Event: 7178.908 GC heap after
{Heap after GC invocations=12836 (full 284):
 PSYoungGen      total 2048K, used 96K [0x00000000eab00000, 0x00000000eb000000, 0x0000000100000000)
  eden space 1536K, 0% used [0x00000000eab00000,0x00000000eab00000,0x00000000eac80000)
  from space 512K, 18% used [0x00000000eaf80000,0x00000000eaf98000,0x00000000eb000000)
  to   space 512K, 0% used [0x00000000eaf00000,0x00000000eaf00000,0x00000000eaf80000)
 ParOldGen       total 276480K, used 269176K [0x00000000c0000000, 0x00000000d0e00000, 0x00000000eab00000)
  object space 276480K, 97% used [0x00000000c0000000,0x00000000d06de018,0x00000000d0e00000)
 Metaspace       used 80992K, capacity 84171K, committed 84520K, reserved 1124352K
  class space    used 7717K, capacity 9016K, committed 9088K, reserved 1048576K
}
Event: 7178.914 GC heap before
{Heap before GC invocations=12837 (full 284):
 PSYoungGen      total 2048K, used 1632K [0x00000000eab00000, 0x00000000eb000000, 0x0000000100000000)
  eden space 1536K, 100% used [0x00000000eab00000,0x00000000eac80000,0x00000000eac80000)
  from space 512K, 18% used [0x00000000eaf80000,0x00000000eaf98000,0x00000000eb000000)
  to   space 512K, 0% used [0x00000000eaf00000,0x00000000eaf00000,0x00000000eaf80000)
 ParOldGen       total 276480K, used 269176K [0x00000000c0000000, 0x00000000d0e00000, 0x00000000eab00000)
  object space 276480K, 97% used [0x00000000c0000000,0x00000000d06de018,0x00000000d0e00000)
 Metaspace       used 80992K, capacity 84171K, committed 84520K, reserved 1124352K
  class space    used 7717K, capacity 9016K, committed 9088K, reserved 1048576K
}
Event: 7178.915 GC heap after
{Heap after GC invocations=12837 (full 284):
 PSYoungGen      total 2048K, used 416K [0x00000000eab00000, 0x00000000eb000000, 0x0000000100000000)
  eden space 1536K, 0% used [0x00000000eab00000,0x00000000eab00000,0x00000000eac80000)
  from space 512K, 81% used [0x00000000eaf00000,0x00000000eaf68000,0x00000000eaf80000)
  to   space 512K, 0% used [0x00000000eaf80000,0x00000000eaf80000,0x00000000eb000000)
 ParOldGen       total 276480K, used 269208K [0x00000000c0000000, 0x00000000d0e00000, 0x00000000eab00000)
  object space 276480K, 97% used [0x00000000c0000000,0x00000000d06e6018,0x00000000d0e00000)
 Metaspace       used 80992K, capacity 84171K, committed 84520K, reserved 1124352K
  class space    used 7717K, capacity 9016K, committed 9088K, reserved 1048576K
}
Event: 7181.341 GC heap before
{Heap before GC invocations=12838 (full 284):
 PSYoungGen      total 2048K, used 1951K [0x00000000eab00000, 0x00000000eb000000, 0x0000000100000000)
  eden space 1536K, 99% used [0x00000000eab00000,0x00000000eac7fff8,0x00000000eac80000)
  from space 512K, 81% used [0x00000000eaf00000,0x00000000eaf68000,0x00000000eaf80000)
  to   space 512K, 0% used [0x00000000eaf80000,0x00000000eaf80000,0x00000000eb000000)
 ParOldGen       total 276480K, used 269208K [0x00000000c0000000, 0x00000000d0e00000, 0x00000000eab00000)
  object space 276480K, 97% used [0x00000000c0000000,0x00000000d06e6018,0x00000000d0e00000)
 Metaspace       used 80992K, capacity 84171K, committed 84520K, reserved 1124352K
  class space    used 7717K, capacity 9016K, committed 9088K, reserved 1048576K
}
Event: 7181.342 GC heap after
{Heap after GC invocations=12838 (full 284):
 PSYoungGen      total 2048K, used 512K [0x00000000eab00000, 0x00000000eb000000, 0x0000000100000000)
  eden space 1536K, 0% used [0x00000000eab00000,0x00000000eab00000,0x00000000eac80000)
  from space 512K, 100% used [0x00000000eaf80000,0x00000000eb000000,0x00000000eb000000)
  to   space 1024K, 0% used [0x00000000eae00000,0x00000000eae00000,0x00000000eaf00000)
 ParOldGen       total 276480K, used 269232K [0x00000000c0000000, 0x00000000d0e00000, 0x00000000eab00000)
  object space 276480K, 97% used [0x00000000c0000000,0x00000000d06ec018,0x00000000d0e00000)
 Metaspace       used 80992K, capacity 84171K, committed 84520K, reserved 1124352K
  class space    used 7717K, capacity 9016K, committed 9088K, reserved 1048576K
}
Event: 7181.344 GC heap before
{Heap before GC invocations=12839 (full 284):
 PSYoungGen      total 2048K, used 2037K [0x00000000eab00000, 0x00000000eb000000, 0x0000000100000000)
  eden space 1536K, 99% used [0x00000000eab00000,0x00000000eac7d5d8,0x00000000eac80000)
  from space 512K, 100% used [0x00000000eaf80000,0x00000000eb000000,0x00000000eb000000)
  to   space 1024K, 0% used [0x00000000eae00000,0x00000000eae00000,0x00000000eaf00000)
 ParOldGen       total 276480K, used 269232K [0x00000000c0000000, 0x00000000d0e00000, 0x00000000eab00000)
  object space 276480K, 97% used [0x00000000c0000000,0x00000000d06ec018,0x00000000d0e00000)
 Metaspace       used 80992K, capacity 84171K, committed 84520K, reserved 1124352K
  class space    used 7717K, capacity 9016K, committed 9088K, reserved 1048576K
}
Event: 7181.345 GC heap after
{Heap after GC invocations=12839 (full 284):
 PSYoungGen      total 2560K, used 951K [0x00000000eab00000, 0x00000000eb000000, 0x0000000100000000)
  eden space 1536K, 0% used [0x00000000eab00000,0x00000000eab00000,0x00000000eac80000)
  from space 1024K, 92% used [0x00000000eae00000,0x00000000eaeeddb0,0x00000000eaf00000)
  to   space 1024K, 0% used [0x00000000eaf00000,0x00000000eaf00000,0x00000000eb000000)
 ParOldGen       total 276480K, used 269647K [0x00000000c0000000, 0x00000000d0e00000, 0x00000000eab00000)
  object space 276480K, 97% used [0x00000000c0000000,0x00000000d0753d18,0x00000000d0e00000)
 Metaspace       used 80992K, capacity 84171K, committed 84520K, reserved 1124352K
  class space    used 7717K, capacity 9016K, committed 9088K, reserved 1048576K
}
Event: 7181.347 GC heap before
{Heap before GC invocations=12840 (full 284):
 PSYoungGen      total 2560K, used 2487K [0x00000000eab00000, 0x00000000eb000000, 0x0000000100000000)
  eden space 1536K, 100% used [0x00000000eab00000,0x00000000eac80000,0x00000000eac80000)
  from space 1024K, 92% used [0x00000000eae00000,0x00000000eaeeddb0,0x00000000eaf00000)
  to   space 1024K, 0% used [0x00000000eaf00000,0x00000000eaf00000,0x00000000eb000000)
 ParOldGen       total 276480K, used 269647K [0x00000000c0000000, 0x00000000d0e00000, 0x00000000eab00000)
  object space 276480K, 97% used [0x00000000c0000000,0x00000000d0753d18,0x00000000d0e00000)
 Metaspace       used 80992K, capacity 84171K, committed 84520K, reserved 1124352K
  class space    used 7717K, capacity 9016K, committed 9088K, reserved 1048576K
}
Event: 7181.349 GC heap after
{Heap after GC invocations=12840 (full 284):
 PSYoungGen      total 2560K, used 1015K [0x00000000eab00000, 0x00000000eb200000, 0x0000000100000000)
  eden space 1536K, 0% used [0x00000000eab00000,0x00000000eab00000,0x00000000eac80000)
  from space 1024K, 99% used [0x00000000eaf00000,0x00000000eaffddb0,0x00000000eb000000)
  to   space 2560K, 0% used [0x00000000eac80000,0x00000000eac80000,0x00000000eaf00000)
 ParOldGen       total 276480K, used 270525K [0x00000000c0000000, 0x00000000d0e00000, 0x00000000eab00000)
  object space 276480K, 97% used [0x00000000c0000000,0x00000000d082f580,0x00000000d0e00000)
 Metaspace       used 80992K, capacity 84171K, committed 84520K, reserved 1124352K
  class space    used 7717K, capacity 9016K, committed 9088K, reserved 1048576K
}
Event: 7181.351 GC heap before
{Heap before GC invocations=12841 (full 284):
 PSYoungGen      total 2560K, used 2551K [0x00000000eab00000, 0x00000000eb200000, 0x0000000100000000)
  eden space 1536K, 100% used [0x00000000eab00000,0x00000000eac80000,0x00000000eac80000)
  from space 1024K, 99% used [0x00000000eaf00000,0x00000000eaffddb0,0x00000000eb000000)
  to   space 2560K, 0% used [0x00000000eac80000,0x00000000eac80000,0x00000000eaf00000)
 ParOldGen       total 276480K, used 270525K [0x00000000c0000000, 0x00000000d0e00000, 0x00000000eab00000)
  object space 276480K, 97% used [0x00000000c0000000,0x00000000d082f580,0x00000000d0e00000)
 Metaspace       used 80992K, capacity 84171K, committed 84520K, reserved 1124352K
  class space    used 7717K, capacity 9016K, committed 9088K, reserved 1048576K
}
Event: 7181.353 GC heap after
{Heap after GC invocations=12841 (full 284):
 PSYoungGen      total 3072K, used 1104K [0x00000000eab00000, 0x00000000eb000000, 0x0000000100000000)
  eden space 1536K, 0% used [0x00000000eab00000,0x00000000eab00000,0x00000000eac80000)
  from space 1536K, 71% used [0x00000000eac80000,0x00000000ead94010,0x00000000eae00000)
  to   space 1536K, 0% used [0x00000000eae80000,0x00000000eae80000,0x00000000eb000000)
 ParOldGen       total 276480K, used 271555K [0x00000000c0000000, 0x00000000d0e00000, 0x00000000eab00000)
  object space 276480K, 98% used [0x00000000c0000000,0x00000000d0930eb8,0x00000000d0e00000)
 Metaspace       used 80992K, capacity 84171K, committed 84520K, reserved 1124352K
  class space    used 7717K, capacity 9016K, committed 9088K, reserved 1048576K
}
Event: 7181.355 GC heap before
{Heap before GC invocations=12842 (full 284):
 PSYoungGen      total 3072K, used 2640K [0x00000000eab00000, 0x00000000eb000000, 0x0000000100000000)
  eden space 1536K, 100% used [0x00000000eab00000,0x00000000eac80000,0x00000000eac80000)
  from space 1536K, 71% used [0x00000000eac80000,0x00000000ead94010,0x00000000eae00000)
  to   space 1536K, 0% used [0x00000000eae80000,0x00000000eae80000,0x00000000eb000000)
 ParOldGen       total 276480K, used 271555K [0x00000000c0000000, 0x00000000d0e00000, 0x00000000eab00000)
  object space 276480K, 98% used [0x00000000c0000000,0x00000000d0930eb8,0x00000000d0e00000)
 Metaspace       used 80992K, capacity 84171K, committed 84520K, reserved 1124352K
  class space    used 7717K, capacity 9016K, committed 9088K, reserved 1048576K
}
Event: 7181.357 GC heap after
{Heap after GC invocations=12842 (full 284):
 PSYoungGen      total 3584K, used 1056K [0x00000000eab00000, 0x00000000eb000000, 0x0000000100000000)
  eden space 2048K, 0% used [0x00000000eab00000,0x00000000eab00000,0x00000000ead00000)
  from space 1536K, 68% used [0x00000000eae80000,0x00000000eaf88000,0x00000000eb000000)
  to   space 1536K, 0% used [0x00000000ead00000,0x00000000ead00000,0x00000000eae80000)
 ParOldGen       total 276480K, used 272565K [0x00000000c0000000, 0x00000000d0e00000, 0x00000000eab00000)
  object space 276480K, 98% used [0x00000000c0000000,0x00000000d0a2d798,0x00000000d0e00000)
 Metaspace       used 80992K, capacity 84171K, committed 84520K, reserved 1124352K
  class space    used 7717K, capacity 9016K, committed 9088K, reserved 1048576K
}
Event: 7181.359 GC heap before
{Heap before GC invocations=12843 (full 284):
 PSYoungGen      total 3584K, used 3104K [0x00000000eab00000, 0x00000000eb000000, 0x0000000100000000)
  eden space 2048K, 100% used [0x00000000eab00000,0x00000000ead00000,0x00000000ead00000)
  from space 1536K, 68% used [0x00000000eae80000,0x00000000eaf88000,0x00000000eb000000)
  to   space 1536K, 0% used [0x00000000ead00000,0x00000000ead00000,0x00000000eae80000)
 ParOldGen       total 276480K, used 272565K [0x00000000c0000000, 0x00000000d0e00000, 0x00000000eab00000)
  object space 276480K, 98% used [0x00000000c0000000,0x00000000d0a2d798,0x00000000d0e00000)
 Metaspace       used 80992K, capacity 84171K, committed 84520K, reserved 1124352K
  class space    used 7717K, capacity 9016K, committed 9088K, reserved 1048576K
}
Event: 7181.361 GC heap after
{Heap after GC invocations=12843 (full 284):
 PSYoungGen      total 3584K, used 1376K [0x00000000eab00000, 0x00000000eb080000, 0x0000000100000000)
  eden space 2048K, 0% used [0x00000000eab00000,0x00000000eab00000,0x00000000ead00000)
  from space 1536K, 89% used [0x00000000ead00000,0x00000000eae58000,0x00000000eae80000)
  to   space 1536K, 0% used [0x00000000eaf00000,0x00000000eaf00000,0x00000000eb080000)
 ParOldGen       total 276480K, used 273544K [0x00000000c0000000, 0x00000000d0e00000, 0x00000000eab00000)
  object space 276480K, 98% used [0x00000000c0000000,0x00000000d0b22330,0x00000000d0e00000)
 Metaspace       used 80992K, capacity 84171K, committed 84520K, reserved 1124352K
  class space    used 7717K, capacity 9016K, committed 9088K, reserved 1048576K
}
Event: 7181.364 GC heap before
{Heap before GC invocations=12844 (full 284):
 PSYoungGen      total 3584K, used 3424K [0x00000000eab00000, 0x00000000eb080000, 0x0000000100000000)
  eden space 2048K, 100% used [0x00000000eab00000,0x00000000ead00000,0x00000000ead00000)
  from space 1536K, 89% used [0x00000000ead00000,0x00000000eae58000,0x00000000eae80000)
  to   space 1536K, 0% used [0x00000000eaf00000,0x00000000eaf00000,0x00000000eb080000)
 ParOldGen       total 276480K, used 273544K [0x00000000c0000000, 0x00000000d0e00000, 0x00000000eab00000)
  object space 276480K, 98% used [0x00000000c0000000,0x00000000d0b22330,0x00000000d0e00000)
 Metaspace       used 80992K, capacity 84171K, committed 84520K, reserved 1124352K
  class space    used 7717K, capacity 9016K, committed 9088K, reserved 1048576K
}
Event: 7181.366 GC heap after
{Heap after GC invocations=12844 (full 284):
 PSYoungGen      total 4096K, used 1440K [0x00000000eab00000, 0x00000000eb080000, 0x0000000100000000)
  eden space 2560K, 0% used [0x00000000eab00000,0x00000000eab00000,0x00000000ead80000)
  from space 1536K, 93% used [0x00000000eaf00000,0x00000000eb068000,0x00000000eb080000)
  to   space 1536K, 0% used [0x00000000ead80000,0x00000000ead80000,0x00000000eaf00000)
 ParOldGen       total 276480K, used 274841K [0x00000000c0000000, 0x00000000d0e00000, 0x00000000eab00000)
  object space 276480K, 99% used [0x00000000c0000000,0x00000000d0c664e0,0x00000000d0e00000)
 Metaspace       used 80992K, capacity 84171K, committed 84520K, reserved 1124352K
  class space    used 7717K, capacity 9016K, committed 9088K, reserved 1048576K
}
Event: 7181.370 GC heap before
{Heap before GC invocations=12845 (full 284):
 PSYoungGen      total 4096K, used 4000K [0x00000000eab00000, 0x00000000eb080000, 0x0000000100000000)
  eden space 2560K, 100% used [0x00000000eab00000,0x00000000ead80000,0x00000000ead80000)
  from space 1536K, 93% used [0x00000000eaf00000,0x00000000eb068000,0x00000000eb080000)
  to   space 1536K, 0% used [0x00000000ead80000,0x00000000ead80000,0x00000000eaf00000)
 ParOldGen       total 276480K, used 274841K [0x00000000c0000000, 0x00000000d0e00000, 0x00000000eab00000)
  object space 276480K, 99% used [0x00000000c0000000,0x00000000d0c664e0,0x00000000d0e00000)
 Metaspace       used 80992K, capacity 84171K, committed 84520K, reserved 1124352K
  class space    used 7717K, capacity 9016K, committed 9088K, reserved 1048576K
}
Event: 7181.372 GC heap after
{Heap after GC invocations=12845 (full 284):
 PSYoungGen      total 4096K, used 1390K [0x00000000eab00000, 0x00000000eb100000, 0x0000000100000000)
  eden space 2560K, 0% used [0x00000000eab00000,0x00000000eab00000,0x00000000ead80000)
  from space 1536K, 90% used [0x00000000ead80000,0x00000000eaedbb60,0x00000000eaf00000)
  to   space 1536K, 0% used [0x00000000eaf80000,0x00000000eaf80000,0x00000000eb100000)
 ParOldGen       total 276480K, used 276177K [0x00000000c0000000, 0x00000000d0e00000, 0x00000000eab00000)
  object space 276480K, 99% used [0x00000000c0000000,0x00000000d0db46e8,0x00000000d0e00000)
 Metaspace       used 80992K, capacity 84171K, committed 84520K, reserved 1124352K
  class space    used 7717K, capacity 9016K, committed 9088K, reserved 1048576K
}
Event: 7181.372 GC heap before
{Heap before GC invocations=12846 (full 285):
 PSYoungGen      total 4096K, used 1390K [0x00000000eab00000, 0x00000000eb100000, 0x0000000100000000)
  eden space 2560K, 0% used [0x00000000eab00000,0x00000000eab00000,0x00000000ead80000)
  from space 1536K, 90% used [0x00000000ead80000,0x00000000eaedbb60,0x00000000eaf00000)
  to   space 1536K, 0% used [0x00000000eaf80000,0x00000000eaf80000,0x00000000eb100000)
 ParOldGen       total 276480K, used 276177K [0x00000000c0000000, 0x00000000d0e00000, 0x00000000eab00000)
  object space 276480K, 99% used [0x00000000c0000000,0x00000000d0db46e8,0x00000000d0e00000)
 Metaspace       used 80992K, capacity 84171K, committed 84520K, reserved 1124352K
  class space    used 7717K, capacity 9016K, committed 9088K, reserved 1048576K
}

